------------------------------------------------------------
----------- Marvellous Platform Surveillance System --------
Log created at : Wed Feb 11 15:16:29 2026
------------------------------------------------------------

---------------------- System Report ----------------------- 
CPU Usage : 19.6 %
------------------------------------------------------------
RAM Usage : 89.0 %
------------------------------------------------------------

Disk Usage Report
------------------------------------------------------------
C:\ -> 91.2 % used
D:\ -> 42.2 % used
E:\ -> 38.6 % used
------------------------------------------------------------
------------------------------------------------------------

Network Usage Report
Sent : 98.78 MB
Recv : 718.96 MB
------------------------------------------------------------
PID : 0
Name : System Idle Process
Username : NT AUTHORITY\SYSTEM
Status : running
Start Time : 1970-01-01 05-30-00
CPU % : 1203.80
Memory % : 0.00
------------------------------------------------------------
PID : 4
Name : System
Username : NT AUTHORITY\SYSTEM
Status : running
Start Time : 1970-01-01 05-30-00
CPU % : 10.90
Memory % : 0.00
------------------------------------------------------------
PID : 236
Name : 
Username : None
Status : stopped
Start Time : 2026-02-11 08-21-31
CPU % : 0.00
Memory % : 0.39
------------------------------------------------------------
PID : 280
Name : Registry
Username : None
Status : running
Start Time : 2026-02-11 08-21-31
CPU % : 0.00
Memory % : 0.18
------------------------------------------------------------
PID : 468
Name : msedge.exe
Username : RAVIRAJS\ravir
Status : running
Start Time : 2026-02-11 11-45-32
CPU % : 0.00
Memory % : 0.06
------------------------------------------------------------
PID : 804
Name : svchost.exe
Username : None
Status : running
Start Time : 2026-02-11 08-21-48
CPU % : 0.00
Memory % : 0.02
------------------------------------------------------------
PID : 832
Name : smss.exe
Username : None
Status : running
Start Time : 2026-02-11 08-21-33
CPU % : 0.00
Memory % : 0.00
------------------------------------------------------------
PID : 1220
Name : csrss.exe
Username : None
Status : running
Start Time : 2026-02-11 08-21-46
CPU % : 0.00
Memory % : 0.02
------------------------------------------------------------
PID : 1324
Name : svchost.exe
Username : None
Status : running
Start Time : 2026-02-11 08-21-48
CPU % : 0.00
Memory % : 0.01
------------------------------------------------------------
PID : 1332
Name : wininit.exe
Username : None
Status : running
Start Time : 2026-02-11 08-21-48
CPU % : 0.00
Memory % : 0.00
------------------------------------------------------------
PID : 1340
Name : csrss.exe
Username : None
Status : running
Start Time : 2026-02-11 08-21-48
CPU % : 0.00
Memory % : 0.02
------------------------------------------------------------
PID : 1408
Name : services.exe
Username : None
Status : running
Start Time : 2026-02-11 08-21-48
CPU % : 0.00
Memory % : 0.04
------------------------------------------------------------
PID : 1416
Name : RtkAudUService64.exe
Username : RAVIRAJS\ravir
Status : running
Start Time : 2026-02-11 08-22-57
CPU % : 0.00
Memory % : 0.05
------------------------------------------------------------
PID : 1428
Name : LsaIso.exe
Username : None
Status : running
Start Time : 2026-02-11 08-21-48
CPU % : 0.00
Memory % : 0.00
------------------------------------------------------------
PID : 1436
Name : lsass.exe
Username : None
Status : running
Start Time : 2026-02-11 08-21-48
CPU % : 0.50
Memory % : 0.09
------------------------------------------------------------
PID : 1500
Name : winlogon.exe
Username : None
Status : running
Start Time : 2026-02-11 08-21-48
CPU % : 0.00
Memory % : 0.01
------------------------------------------------------------
PID : 1568
Name : conhost.exe
Username : RAVIRAJS\ravir
Status : running
Start Time : 2026-02-11 09-25-41
CPU % : 0.00
Memory % : 0.01
------------------------------------------------------------
PID : 1620
Name : AggregatorHost.exe
Username : None
Status : running
Start Time : 2026-02-11 08-21-53
CPU % : 0.00
Memory % : 0.03
------------------------------------------------------------
PID : 1648
Name : svchost.exe
Username : None
Status : running
Start Time : 2026-02-11 08-21-48
CPU % : 0.00
Memory % : 0.14
------------------------------------------------------------
PID : 1680
Name : fontdrvhost.exe
Username : None
Status : running
Start Time : 2026-02-11 08-21-48
CPU % : 0.00
Memory % : 0.00
------------------------------------------------------------
PID : 1688
Name : fontdrvhost.exe
Username : None
Status : running
Start Time : 2026-02-11 08-21-48
CPU % : 0.00
Memory % : 0.02
------------------------------------------------------------
PID : 1696
Name : WUDFHost.exe
Username : None
Status : running
Start Time : 2026-02-11 08-21-48
CPU % : 0.00
Memory % : 0.01
------------------------------------------------------------
PID : 1708
Name : idea64.exe
Username : RAVIRAJS\ravir
Status : running
Start Time : 2026-02-11 11-09-59
CPU % : 0.90
Memory % : 3.20
------------------------------------------------------------
PID : 1808
Name : svchost.exe
Username : None
Status : running
Start Time : 2026-02-11 08-21-48
CPU % : 1.80
Memory % : 0.10
------------------------------------------------------------
PID : 1860
Name : svchost.exe
Username : None
Status : running
Start Time : 2026-02-11 08-21-48
CPU % : 0.00
Memory % : 0.02
------------------------------------------------------------
PID : 1956
Name : dwm.exe
Username : None
Status : running
Start Time : 2026-02-11 08-21-48
CPU % : 2.60
Memory % : 0.62
------------------------------------------------------------
PID : 1980
Name : WUDFHost.exe
Username : None
Status : running
Start Time : 2026-02-11 08-21-48
CPU % : 0.00
Memory % : 0.00
------------------------------------------------------------
PID : 2076
Name : svchost.exe
Username : None
Status : running
Start Time : 2026-02-11 08-21-48
CPU % : 0.00
Memory % : 0.02
------------------------------------------------------------
PID : 2080
Name : svchost.exe
Username : None
Status : running
Start Time : 2026-02-11 08-21-48
CPU % : 0.00
Memory % : 0.05
------------------------------------------------------------
PID : 2128
Name : Code.exe
Username : RAVIRAJS\ravir
Status : running
Start Time : 2026-02-11 09-25-47
CPU % : 0.00
Memory % : 2.20
------------------------------------------------------------
PID : 2196
Name : svchost.exe
Username : None
Status : running
Start Time : 2026-02-11 08-21-48
CPU % : 0.00
Memory % : 0.06
------------------------------------------------------------
PID : 2204
Name : svchost.exe
Username : None
Status : running
Start Time : 2026-02-11 08-21-48
CPU % : 0.00
Memory % : 0.03
------------------------------------------------------------
PID : 2240
Name : audiodg.exe
Username : None
Status : running
Start Time : 2026-02-11 15-16-06
CPU % : 5.40
Memory % : 0.66
------------------------------------------------------------
PID : 2272
Name : svchost.exe
Username : None
Status : running
Start Time : 2026-02-11 08-21-48
CPU % : 0.00
Memory % : 0.03
------------------------------------------------------------
PID : 2280
Name : svchost.exe
Username : None
Status : running
Start Time : 2026-02-11 08-21-48
CPU % : 0.00
Memory % : 0.03
------------------------------------------------------------
PID : 2288
Name : svchost.exe
Username : None
Status : running
Start Time : 2026-02-11 08-21-48
CPU % : 0.00
Memory % : 0.04
------------------------------------------------------------
PID : 2296
Name : svchost.exe
Username : None
Status : running
Start Time : 2026-02-11 08-21-48
CPU % : 0.00
Memory % : 0.02
------------------------------------------------------------
PID : 2308
Name : UserOOBEBroker.exe
Username : RAVIRAJS\ravir
Status : running
Start Time : 2026-02-11 08-26-01
CPU % : 0.00
Memory % : 0.03
------------------------------------------------------------
PID : 2448
Name : svchost.exe
Username : None
Status : running
Start Time : 2026-02-11 08-21-48
CPU % : 0.00
Memory % : 0.04
------------------------------------------------------------
PID : 2460
Name : IntelCpHDCPSvc.exe
Username : None
Status : running
Start Time : 2026-02-11 08-21-48
CPU % : 0.00
Memory % : 0.01
------------------------------------------------------------
PID : 2488
Name : svchost.exe
Username : None
Status : running
Start Time : 2026-02-11 08-21-48
CPU % : 0.00
Memory % : 0.03
------------------------------------------------------------
PID : 2528
Name : SecurityHealthSystray.exe
Username : RAVIRAJS\ravir
Status : running
Start Time : 2026-02-11 08-22-28
CPU % : 0.00
Memory % : 0.02
------------------------------------------------------------
PID : 2540
Name : svchost.exe
Username : None
Status : running
Start Time : 2026-02-11 08-21-48
CPU % : 0.00
Memory % : 0.03
------------------------------------------------------------
PID : 2564
Name : svchost.exe
Username : None
Status : running
Start Time : 2026-02-11 08-21-48
CPU % : 0.00
Memory % : 0.01
------------------------------------------------------------
PID : 2580
Name : svchost.exe
Username : None
Status : running
Start Time : 2026-02-11 08-21-48
CPU % : 0.00
Memory % : 0.07
------------------------------------------------------------
PID : 2808
Name : svchost.exe
Username : None
Status : running
Start Time : 2026-02-11 08-21-48
CPU % : 0.00
Memory % : 0.03
------------------------------------------------------------
PID : 2968
Name : chrome.exe
Username : RAVIRAJS\ravir
Status : running
Start Time : 2026-02-11 14-36-33
CPU % : 0.00
Memory % : 0.52
------------------------------------------------------------
PID : 3160
Name : OmenCap.exe
Username : None
Status : running
Start Time : 2026-02-11 08-21-48
CPU % : 0.00
Memory % : 0.01
------------------------------------------------------------
PID : 3216
Name : svchost.exe
Username : None
Status : running
Start Time : 2026-02-11 08-21-50
CPU % : 0.00
Memory % : 0.06
------------------------------------------------------------
PID : 3260
Name : NVDisplay.Container.exe
Username : None
Status : running
Start Time : 2026-02-11 08-21-49
CPU % : 0.40
Memory % : 0.08
------------------------------------------------------------
PID : 3284
Name : chrome.exe
Username : RAVIRAJS\ravir
Status : running
Start Time : 2026-02-11 12-03-54
CPU % : 0.70
Memory % : 0.90
------------------------------------------------------------
PID : 3324
Name : svchost.exe
Username : RAVIRAJS\ravir
Status : running
Start Time : 2026-02-11 08-21-54
CPU % : 0.00
Memory % : 0.01
------------------------------------------------------------
PID : 3328
Name : conhost.exe
Username : RAVIRAJS\ravir
Status : running
Start Time : 2026-02-11 08-30-49
CPU % : 0.00
Memory % : 0.00
------------------------------------------------------------
PID : 3332
Name : svchost.exe
Username : None
Status : running
Start Time : 2026-02-11 08-21-49
CPU % : 0.00
Memory % : 0.09
------------------------------------------------------------
PID : 3380
Name : svchost.exe
Username : None
Status : running
Start Time : 2026-02-11 08-21-49
CPU % : 0.00
Memory % : 0.01
------------------------------------------------------------
PID : 3388
Name : svchost.exe
Username : None
Status : running
Start Time : 2026-02-11 08-21-49
CPU % : 0.00
Memory % : 0.03
------------------------------------------------------------
PID : 3396
Name : svchost.exe
Username : None
Status : running
Start Time : 2026-02-11 08-21-49
CPU % : 0.00
Memory % : 0.07
------------------------------------------------------------
PID : 3488
Name : MemCompression
Username : None
Status : running
Start Time : 2026-02-11 08-21-49
CPU % : 0.30
Memory % : 1.25
------------------------------------------------------------
PID : 3496
Name : conhost.exe
Username : RAVIRAJS\ravir
Status : running
Start Time : 2026-02-11 09-25-46
CPU % : 0.00
Memory % : 0.00
------------------------------------------------------------
PID : 3528
Name : svchost.exe
Username : None
Status : running
Start Time : 2026-02-11 08-21-49
CPU % : 0.00
Memory % : 0.03
------------------------------------------------------------
PID : 3584
Name : svchost.exe
Username : None
Status : running
Start Time : 2026-02-11 08-21-49
CPU % : 0.00
Memory % : 0.03
------------------------------------------------------------
PID : 3592
Name : svchost.exe
Username : None
Status : running
Start Time : 2026-02-11 08-21-49
CPU % : 0.00
Memory % : 0.02
------------------------------------------------------------
PID : 3600
Name : AppHelperCap.exe
Username : None
Status : running
Start Time : 2026-02-11 08-21-49
CPU % : 16.40
Memory % : 0.11
------------------------------------------------------------
PID : 3640
Name : NetworkCap.exe
Username : None
Status : running
Start Time : 2026-02-11 08-21-49
CPU % : 0.00
Memory % : 0.01
------------------------------------------------------------
PID : 3648
Name : DiagsCap.exe
Username : None
Status : running
Start Time : 2026-02-11 08-21-49
CPU % : 0.00
Memory % : 0.01
------------------------------------------------------------
PID : 3668
Name : SysInfoCap.exe
Username : None
Status : running
Start Time : 2026-02-11 08-21-49
CPU % : 0.00
Memory % : 0.14
------------------------------------------------------------
PID : 3684
Name : TouchpointAnalyticsClientService.exe
Username : None
Status : running
Start Time : 2026-02-11 08-21-49
CPU % : 0.00
Memory % : 0.14
------------------------------------------------------------
PID : 3692
Name : svchost.exe
Username : None
Status : running
Start Time : 2026-02-11 08-21-49
CPU % : 0.00
Memory % : 0.01
------------------------------------------------------------
PID : 3872
Name : svchost.exe
Username : None
Status : running
Start Time : 2026-02-11 08-26-02
CPU % : 0.00
Memory % : 0.02
------------------------------------------------------------
PID : 3876
Name : svchost.exe
Username : None
Status : running
Start Time : 2026-02-11 08-21-49
CPU % : 0.00
Memory % : 0.07
------------------------------------------------------------
PID : 3900
Name : svchost.exe
Username : None
Status : running
Start Time : 2026-02-11 08-21-49
CPU % : 0.00
Memory % : 0.07
------------------------------------------------------------
PID : 4064
Name : svchost.exe
Username : None
Status : running
Start Time : 2026-02-11 08-21-49
CPU % : 0.00
Memory % : 0.14
------------------------------------------------------------
PID : 4140
Name : svchost.exe
Username : None
Status : running
Start Time : 2026-02-11 08-21-49
CPU % : 0.00
Memory % : 0.01
------------------------------------------------------------
PID : 4152
Name : chrome.exe
Username : RAVIRAJS\ravir
Status : running
Start Time : 2026-02-11 11-37-05
CPU % : 0.00
Memory % : 0.40
------------------------------------------------------------
PID : 4208
Name : svchost.exe
Username : None
Status : running
Start Time : 2026-02-11 08-21-49
CPU % : 0.00
Memory % : 0.09
------------------------------------------------------------
PID : 4332
Name : svchost.exe
Username : None
Status : running
Start Time : 2026-02-11 08-21-49
CPU % : 0.00
Memory % : 0.02
------------------------------------------------------------
PID : 4340
Name : NVDisplay.Container.exe
Username : None
Status : running
Start Time : 2026-02-11 08-21-49
CPU % : 0.00
Memory % : 0.09
------------------------------------------------------------
PID : 4368
Name : msedge.exe
Username : RAVIRAJS\ravir
Status : running
Start Time : 2026-02-11 11-45-14
CPU % : 0.00
Memory % : 0.03
------------------------------------------------------------
PID : 4380
Name : chrome.exe
Username : RAVIRAJS\ravir
Status : running
Start Time : 2026-02-11 08-32-35
CPU % : 0.00
Memory % : 0.21
------------------------------------------------------------
PID : 4524
Name : svchost.exe
Username : None
Status : running
Start Time : 2026-02-11 08-21-49
CPU % : 0.00
Memory % : 0.06
------------------------------------------------------------
PID : 4576
Name : svchost.exe
Username : None
Status : running
Start Time : 2026-02-11 08-21-49
CPU % : 0.00
Memory % : 0.03
------------------------------------------------------------
PID : 4656
Name : WmiPrvSE.exe
Username : None
Status : running
Start Time : 2026-02-11 08-21-49
CPU % : 0.00
Memory % : 0.07
------------------------------------------------------------
PID : 4748
Name : XtuService.exe
Username : None
Status : running
Start Time : 2026-02-11 08-21-50
CPU % : 0.00
Memory % : 0.04
------------------------------------------------------------
PID : 4756
Name : HPSystemEventUtilityBackground.exe
Username : RAVIRAJS\ravir
Status : running
Start Time : 2026-02-11 08-22-28
CPU % : 0.00
Memory % : 0.09
------------------------------------------------------------
PID : 4836
Name : spoolsv.exe
Username : None
Status : running
Start Time : 2026-02-11 08-21-49
CPU % : 0.00
Memory % : 0.03
------------------------------------------------------------
PID : 4940
Name : svchost.exe
Username : None
Status : running
Start Time : 2026-02-11 08-21-50
CPU % : 0.00
Memory % : 0.08
------------------------------------------------------------
PID : 4972
Name : unsecapp.exe
Username : None
Status : running
Start Time : 2026-02-11 08-21-50
CPU % : 0.00
Memory % : 0.02
------------------------------------------------------------
PID : 5020
Name : wslservice.exe
Username : None
Status : running
Start Time : 2026-02-11 08-21-50
CPU % : 0.00
Memory % : 0.04
------------------------------------------------------------
PID : 5156
Name : svchost.exe
Username : None
Status : running
Start Time : 2026-02-11 08-21-50
CPU % : 0.00
Memory % : 0.02
------------------------------------------------------------
PID : 5196
Name : sqlservr.exe
Username : None
Status : running
Start Time : 2026-02-11 08-23-54
CPU % : 0.00
Memory % : 0.35
------------------------------------------------------------
PID : 5224
Name : svchost.exe
Username : None
Status : running
Start Time : 2026-02-11 08-21-50
CPU % : 0.00
Memory % : 0.02
------------------------------------------------------------
PID : 5296
Name : svchost.exe
Username : None
Status : running
Start Time : 2026-02-11 08-26-01
CPU % : 0.00
Memory % : 0.06
------------------------------------------------------------
PID : 5336
Name : chrome.exe
Username : RAVIRAJS\ravir
Status : running
Start Time : 2026-02-11 08-27-55
CPU % : 0.00
Memory % : 0.02
------------------------------------------------------------
PID : 5340
Name : svchost.exe
Username : None
Status : running
Start Time : 2026-02-11 08-21-54
CPU % : 0.00
Memory % : 0.03
------------------------------------------------------------
PID : 5372
Name : chrome.exe
Username : RAVIRAJS\ravir
Status : running
Start Time : 2026-02-11 08-27-58
CPU % : 3.60
Memory % : 1.18
------------------------------------------------------------
PID : 5392
Name : svchost.exe
Username : None
Status : running
Start Time : 2026-02-11 08-21-50
CPU % : 0.00
Memory % : 0.01
------------------------------------------------------------
PID : 5416
Name : nssm.exe
Username : None
Status : running
Start Time : 2026-02-11 08-21-50
CPU % : 0.00
Memory % : 0.01
------------------------------------------------------------
PID : 5424
Name : ETDService.exe
Username : None
Status : running
Start Time : 2026-02-11 08-21-50
CPU % : 0.00
Memory % : 0.00
------------------------------------------------------------
PID : 5432
Name : svchost.exe
Username : None
Status : running
Start Time : 2026-02-11 08-21-50
CPU % : 0.00
Memory % : 0.20
------------------------------------------------------------
PID : 5440
Name : svchost.exe
Username : None
Status : running
Start Time : 2026-02-11 08-21-50
CPU % : 0.00
Memory % : 0.17
------------------------------------------------------------
PID : 5448
Name : AnyDesk.exe
Username : None
Status : running
Start Time : 2026-02-11 08-21-50
CPU % : 0.00
Memory % : 0.02
------------------------------------------------------------
PID : 5460
Name : OfficeClickToRun.exe
Username : None
Status : running
Start Time : 2026-02-11 08-21-50
CPU % : 0.00
Memory % : 0.19
------------------------------------------------------------
PID : 5484
Name : HPCommRecovery.exe
Username : None
Status : running
Start Time : 2026-02-11 08-21-50
CPU % : 0.00
Memory % : 0.05
------------------------------------------------------------
PID : 5516
Name : svchost.exe
Username : RAVIRAJS\ravir
Status : running
Start Time : 2026-02-11 08-26-01
CPU % : 0.00
Memory % : 0.03
------------------------------------------------------------
PID : 5556
Name : HPPrintScanDoctorService.exe
Username : None
Status : running
Start Time : 2026-02-11 08-21-50
CPU % : 0.00
Memory % : 0.01
------------------------------------------------------------
PID : 5592
Name : OneApp.IGCC.WinService.exe
Username : None
Status : running
Start Time : 2026-02-11 08-21-50
CPU % : 0.00
Memory % : 0.04
------------------------------------------------------------
PID : 5620
Name : IntelAudioService.exe
Username : None
Status : running
Start Time : 2026-02-11 08-21-50
CPU % : 0.20
Memory % : 0.03
------------------------------------------------------------
PID : 5660
Name : ipf_uf.exe
Username : None
Status : running
Start Time : 2026-02-11 08-21-50
CPU % : 0.00
Memory % : 0.01
------------------------------------------------------------
PID : 5692
Name : jhi_service.exe
Username : None
Status : running
Start Time : 2026-02-11 08-21-50
CPU % : 0.00
Memory % : 0.00
------------------------------------------------------------
PID : 5704
Name : svchost.exe
Username : None
Status : running
Start Time : 2026-02-11 08-21-50
CPU % : 0.00
Memory % : 0.02
------------------------------------------------------------
PID : 5712
Name : servicehost.exe
Username : None
Status : running
Start Time : 2026-02-11 08-21-50
CPU % : 0.00
Memory % : 0.15
------------------------------------------------------------
PID : 5760
Name : ETDCtrl.exe
Username : RAVIRAJS\ravir
Status : running
Start Time : 2026-02-11 08-21-50
CPU % : 0.00
Memory % : 0.01
------------------------------------------------------------
PID : 5780
Name : chrome.exe
Username : RAVIRAJS\ravir
Status : running
Start Time : 2026-02-11 08-28-01
CPU % : 4.40
Memory % : 2.05
------------------------------------------------------------
PID : 5788
Name : SafeExamBrowser.Service.exe
Username : None
Status : running
Start Time : 2026-02-11 08-21-50
CPU % : 0.00
Memory % : 0.02
------------------------------------------------------------
PID : 5804
Name : MpDefenderCoreService.exe
Username : None
Status : running
Start Time : 2026-02-11 08-21-50
CPU % : 0.00
Memory % : 0.07
------------------------------------------------------------
PID : 5820
Name : mysqld.exe
Username : None
Status : running
Start Time : 2026-02-11 08-21-50
CPU % : 0.00
Memory % : 0.00
------------------------------------------------------------
PID : 5880
Name : msedge.exe
Username : RAVIRAJS\ravir
Status : running
Start Time : 2026-02-11 11-45-11
CPU % : 0.00
Memory % : 0.05
------------------------------------------------------------
PID : 5896
Name : expressvpnd.exe
Username : None
Status : running
Start Time : 2026-02-11 08-21-50
CPU % : 0.00
Memory % : 0.06
------------------------------------------------------------
PID : 5904
Name : uihost.exe
Username : RAVIRAJS\ravir
Status : running
Start Time : 2026-02-11 08-21-50
CPU % : 0.00
Memory % : 0.11
------------------------------------------------------------
PID : 5928
Name : RtkAudUService64.exe
Username : None
Status : running
Start Time : 2026-02-11 08-21-50
CPU % : 0.20
Memory % : 0.05
------------------------------------------------------------
PID : 5940
Name : cmd.exe
Username : RAVIRAJS\ravir
Status : running
Start Time : 2026-02-11 08-27-59
CPU % : 0.00
Memory % : 0.00
------------------------------------------------------------
PID : 5972
Name : conhost.exe
Username : None
Status : running
Start Time : 2026-02-11 08-21-50
CPU % : 0.00
Memory % : 0.00
------------------------------------------------------------
PID : 5996
Name : sqlwriter.exe
Username : None
Status : running
Start Time : 2026-02-11 08-21-50
CPU % : 0.00
Memory % : 0.00
------------------------------------------------------------
PID : 6084
Name : svchost.exe
Username : None
Status : running
Start Time : 2026-02-11 08-21-50
CPU % : 0.00
Memory % : 0.01
------------------------------------------------------------
PID : 6096
Name : WMIRegistrationService.exe
Username : None
Status : running
Start Time : 2026-02-11 08-21-50
CPU % : 0.00
Memory % : 0.01
------------------------------------------------------------
PID : 6108
Name : MsMpEng.exe
Username : None
Status : running
Start Time : 2026-02-11 08-21-50
CPU % : 1.10
Memory % : 1.40
------------------------------------------------------------
PID : 6140
Name : SECOMN64.exe
Username : None
Status : running
Start Time : 2026-02-11 08-21-50
CPU % : 0.20
Memory % : 0.03
------------------------------------------------------------
PID : 6208
Name : Code.exe
Username : RAVIRAJS\ravir
Status : running
Start Time : 2026-02-11 09-25-43
CPU % : 0.00
Memory % : 0.07
------------------------------------------------------------
PID : 6212
Name : AppActions.exe
Username : RAVIRAJS\ravir
Status : running
Start Time : 2026-02-11 08-28-32
CPU % : 0.00
Memory % : 0.05
------------------------------------------------------------
PID : 6248
Name : conhost.exe
Username : RAVIRAJS\ravir
Status : running
Start Time : 2026-02-11 08-27-59
CPU % : 0.00
Memory % : 0.01
------------------------------------------------------------
PID : 6308
Name : svchost.exe
Username : None
Status : running
Start Time : 2026-02-11 08-25-00
CPU % : 0.00
Memory % : 0.15
------------------------------------------------------------
PID : 6492
Name : svchost.exe
Username : None
Status : running
Start Time : 2026-02-11 08-21-53
CPU % : 0.00
Memory % : 0.01
------------------------------------------------------------
PID : 6696
Name : msedge.exe
Username : RAVIRAJS\ravir
Status : running
Start Time : 2026-02-11 11-45-11
CPU % : 0.00
Memory % : 0.17
------------------------------------------------------------
PID : 6808
Name : mysqld.exe
Username : None
Status : running
Start Time : 2026-02-11 08-21-50
CPU % : 0.00
Memory % : 0.03
------------------------------------------------------------
PID : 6816
Name : OpenConsole.exe
Username : RAVIRAJS\ravir
Status : running
Start Time : 2026-02-11 15-14-01
CPU % : 0.00
Memory % : 0.10
------------------------------------------------------------
PID : 6884
Name : conhost.exe
Username : None
Status : running
Start Time : 2026-02-11 08-21-50
CPU % : 0.00
Memory % : 0.00
------------------------------------------------------------
PID : 7072
Name : svchost.exe
Username : None
Status : running
Start Time : 2026-02-11 08-21-50
CPU % : 0.00
Memory % : 0.03
------------------------------------------------------------
PID : 7108
Name : chrome.exe
Username : RAVIRAJS\ravir
Status : running
Start Time : 2026-02-11 11-36-03
CPU % : 0.00
Memory % : 0.32
------------------------------------------------------------
PID : 7220
Name : brave.exe
Username : RAVIRAJS\ravir
Status : running
Start Time : 2026-02-11 08-30-48
CPU % : 0.00
Memory % : 0.78
------------------------------------------------------------
PID : 7320
Name : pet.exe
Username : RAVIRAJS\ravir
Status : running
Start Time : 2026-02-11 09-25-43
CPU % : 0.00
Memory % : 0.01
------------------------------------------------------------
PID : 7508
Name : SecurityHealthService.exe
Username : None
Status : running
Start Time : 2026-02-11 08-22-28
CPU % : 0.00
Memory % : 0.06
------------------------------------------------------------
PID : 7536
Name : conhost.exe
Username : RAVIRAJS\ravir
Status : running
Start Time : 2026-02-11 11-10-18
CPU % : 0.00
Memory % : 0.00
------------------------------------------------------------
PID : 7560
Name : FileCoAuth.exe
Username : RAVIRAJS\ravir
Status : running
Start Time : 2026-02-11 08-50-47
CPU % : 0.00
Memory % : 0.10
------------------------------------------------------------
PID : 7564
Name : svchost.exe
Username : None
Status : running
Start Time : 2026-02-11 08-33-20
CPU % : 0.00
Memory % : 0.05
------------------------------------------------------------
PID : 7712
Name : SECOCL64.exe
Username : RAVIRAJS\ravir
Status : running
Start Time : 2026-02-11 08-21-50
CPU % : 0.20
Memory % : 0.04
------------------------------------------------------------
PID : 7728
Name : Code.exe
Username : RAVIRAJS\ravir
Status : running
Start Time : 2026-02-11 14-25-20
CPU % : 0.00
Memory % : 0.21
------------------------------------------------------------
PID : 7744
Name : conhost.exe
Username : RAVIRAJS\ravir
Status : running
Start Time : 2026-02-11 08-21-50
CPU % : 0.00
Memory % : 0.00
------------------------------------------------------------
PID : 7880
Name : brave.exe
Username : RAVIRAJS\ravir
Status : running
Start Time : 2026-02-11 08-30-47
CPU % : 0.00
Memory % : 0.15
------------------------------------------------------------
PID : 7884
Name : sihost.exe
Username : RAVIRAJS\ravir
Status : running
Start Time : 2026-02-11 08-21-54
CPU % : 0.00
Memory % : 0.15
------------------------------------------------------------
PID : 8100
Name : RtkAudUService64.exe
Username : None
Status : running
Start Time : 2026-02-11 08-21-53
CPU % : 0.40
Memory % : 0.04
------------------------------------------------------------
PID : 8140
Name : ipf_helper.exe
Username : RAVIRAJS\ravir
Status : running
Start Time : 2026-02-11 08-21-50
CPU % : 0.40
Memory % : 0.02
------------------------------------------------------------
PID : 8168
Name : NgcIso.exe
Username : None
Status : running
Start Time : 2026-02-11 08-21-53
CPU % : 0.00
Memory % : 0.00
------------------------------------------------------------
PID : 8368
Name : git.exe
Username : RAVIRAJS\ravir
Status : running
Start Time : 2026-02-11 09-23-51
CPU % : 0.00
Memory % : 0.01
------------------------------------------------------------
PID : 8704
Name : svchost.exe
Username : None
Status : running
Start Time : 2026-02-11 08-21-53
CPU % : 1.60
Memory % : 0.11
------------------------------------------------------------
PID : 8740
Name : svchost.exe
Username : None
Status : running
Start Time : 2026-02-11 08-21-53
CPU % : 0.00
Memory % : 0.01
------------------------------------------------------------
PID : 8856
Name : brave.exe
Username : RAVIRAJS\ravir
Status : running
Start Time : 2026-02-11 08-30-48
CPU % : 0.00
Memory % : 0.02
------------------------------------------------------------
PID : 8880
Name : brave.exe
Username : RAVIRAJS\ravir
Status : running
Start Time : 2026-02-11 08-30-48
CPU % : 0.00
Memory % : 0.18
------------------------------------------------------------
PID : 8884
Name : brave.exe
Username : RAVIRAJS\ravir
Status : running
Start Time : 2026-02-11 08-30-48
CPU % : 0.00
Memory % : 0.22
------------------------------------------------------------
PID : 9040
Name : svchost.exe
Username : RAVIRAJS\ravir
Status : running
Start Time : 2026-02-11 08-21-54
CPU % : 0.00
Memory % : 0.13
------------------------------------------------------------
PID : 9144
Name : wlanext.exe
Username : None
Status : running
Start Time : 2026-02-11 08-21-53
CPU % : 0.00
Memory % : 0.00
------------------------------------------------------------
PID : 9244
Name : chrome.exe
Username : RAVIRAJS\ravir
Status : running
Start Time : 2026-02-11 12-32-06
CPU % : 0.20
Memory % : 0.33
------------------------------------------------------------
PID : 9256
Name : HPMediaNetwork.exe
Username : RAVIRAJS\ravir
Status : running
Start Time : 2026-02-11 08-22-29
CPU % : 0.00
Memory % : 0.10
------------------------------------------------------------
PID : 9264
Name : svchost.exe
Username : RAVIRAJS\ravir
Status : running
Start Time : 2026-02-11 08-21-54
CPU % : 0.00
Memory % : 0.15
------------------------------------------------------------
PID : 9284
Name : chrome.exe
Username : RAVIRAJS\ravir
Status : running
Start Time : 2026-02-11 08-28-04
CPU % : 0.40
Memory % : 0.07
------------------------------------------------------------
PID : 9316
Name : taskhostw.exe
Username : RAVIRAJS\ravir
Status : running
Start Time : 2026-02-11 08-21-54
CPU % : 0.00
Memory % : 0.08
------------------------------------------------------------
PID : 9348
Name : OmenInstallMonitor.exe
Username : RAVIRAJS\ravir
Status : running
Start Time : 2026-02-11 08-21-54
CPU % : 0.00
Memory % : 0.04
------------------------------------------------------------
PID : 9360
Name : SystemOptimizer.exe
Username : RAVIRAJS\ravir
Status : running
Start Time : 2026-02-11 08-21-54
CPU % : 0.00
Memory % : 0.05
------------------------------------------------------------
PID : 9372
Name : OverlayHelper.exe
Username : RAVIRAJS\ravir
Status : running
Start Time : 2026-02-11 08-21-54
CPU % : 1.70
Memory % : 0.14
------------------------------------------------------------
PID : 9448
Name : svchost.exe
Username : None
Status : running
Start Time : 2026-02-11 08-21-54
CPU % : 0.00
Memory % : 0.12
------------------------------------------------------------
PID : 9480
Name : svchost.exe
Username : None
Status : running
Start Time : 2026-02-11 08-21-54
CPU % : 0.00
Memory % : 0.08
------------------------------------------------------------
PID : 9484
Name : chrome.exe
Username : RAVIRAJS\ravir
Status : running
Start Time : 2026-02-11 12-00-28
CPU % : 0.00
Memory % : 0.05
------------------------------------------------------------
PID : 9556
Name : Code.exe
Username : RAVIRAJS\ravir
Status : running
Start Time : 2026-02-11 09-25-40
CPU % : 0.20
Memory % : 0.69
------------------------------------------------------------
PID : 9676
Name : HPSystemEventUtilityHost.exe
Username : RAVIRAJS\ravir
Status : running
Start Time : 2026-02-11 08-22-29
CPU % : 0.00
Memory % : 0.06
------------------------------------------------------------
PID : 9728
Name : python.exe
Username : RAVIRAJS\ravir
Status : running
Start Time : 2026-02-11 09-25-46
CPU % : 0.00
Memory % : 0.04
------------------------------------------------------------
PID : 9732
Name : BraveCrashHandler64.exe
Username : None
Status : running
Start Time : 2026-02-11 08-21-55
CPU % : 0.00
Memory % : 0.00
------------------------------------------------------------
PID : 9884
Name : chrome.exe
Username : RAVIRAJS\ravir
Status : running
Start Time : 2026-02-11 08-27-55
CPU % : 8.80
Memory % : 2.42
------------------------------------------------------------
PID : 9916
Name : chrome.exe
Username : RAVIRAJS\ravir
Status : running
Start Time : 2026-02-11 08-27-58
CPU % : 0.40
Memory % : 0.28
------------------------------------------------------------
PID : 9932
Name : FileSyncHelper.exe
Username : None
Status : running
Start Time : 2026-02-11 08-23-32
CPU % : 0.00
Memory % : 0.06
------------------------------------------------------------
PID : 10088
Name : svchost.exe
Username : None
Status : running
Start Time : 2026-02-11 08-21-55
CPU % : 0.00
Memory % : 0.01
------------------------------------------------------------
PID : 10096
Name : Code.exe
Username : RAVIRAJS\ravir
Status : running
Start Time : 2026-02-11 09-23-44
CPU % : 0.00
Memory % : 0.13
------------------------------------------------------------
PID : 10112
Name : explorer.exe
Username : RAVIRAJS\ravir
Status : running
Start Time : 2026-02-11 08-21-54
CPU % : 11.60
Memory % : 2.22
------------------------------------------------------------
PID : 10124
Name : OneDrive.exe
Username : RAVIRAJS\ravir
Status : running
Start Time : 2026-02-11 08-23-28
CPU % : 0.20
Memory % : 0.41
------------------------------------------------------------
PID : 10168
Name : brave.exe
Username : RAVIRAJS\ravir
Status : running
Start Time : 2026-02-11 08-30-47
CPU % : 0.00
Memory % : 0.04
------------------------------------------------------------
PID : 10248
Name : conhost.exe
Username : RAVIRAJS\ravir
Status : running
Start Time : 2026-02-11 09-25-46
CPU % : 0.00
Memory % : 0.01
------------------------------------------------------------
PID : 10280
Name : chrome.exe
Username : RAVIRAJS\ravir
Status : running
Start Time : 2026-02-11 08-28-04
CPU % : 0.00
Memory % : 0.05
------------------------------------------------------------
PID : 10404
Name : svchost.exe
Username : None
Status : running
Start Time : 2026-02-11 08-21-54
CPU % : 0.00
Memory % : 0.05
------------------------------------------------------------
PID : 10568
Name : CrossDeviceResume.exe
Username : RAVIRAJS\ravir
Status : running
Start Time : 2026-02-11 08-21-54
CPU % : 0.00
Memory % : 0.05
------------------------------------------------------------
PID : 10800
Name : Code.exe
Username : RAVIRAJS\ravir
Status : running
Start Time : 2026-02-11 14-25-21
CPU % : 0.00
Memory % : 0.20
------------------------------------------------------------
PID : 10824
Name : svchost.exe
Username : None
Status : running
Start Time : 2026-02-11 08-21-54
CPU % : 0.00
Memory % : 0.03
------------------------------------------------------------
PID : 10924
Name : SearchIndexer.exe
Username : None
Status : running
Start Time : 2026-02-11 08-21-54
CPU % : 0.40
Memory % : 0.16
------------------------------------------------------------
PID : 10972
Name : Code.exe
Username : RAVIRAJS\ravir
Status : running
Start Time : 2026-02-11 09-25-40
CPU % : 0.20
Memory % : 0.17
------------------------------------------------------------
PID : 11008
Name : brave.exe
Username : RAVIRAJS\ravir
Status : running
Start Time : 2026-02-11 08-30-47
CPU % : 1.30
Memory % : 0.79
------------------------------------------------------------
PID : 11124
Name : svchost.exe
Username : None
Status : running
Start Time : 2026-02-11 08-21-55
CPU % : 0.00
Memory % : 0.13
------------------------------------------------------------
PID : 11176
Name : BraveCrashHandler.exe
Username : None
Status : running
Start Time : 2026-02-11 08-21-54
CPU % : 0.00
Memory % : 0.01
------------------------------------------------------------
PID : 11216
Name : CodeSetup-stable-591199df409fbf59b4b52d5ad4ee0470152a9b31.exe
Username : RAVIRAJS\ravir
Status : running
Start Time : 2026-02-11 09-24-49
CPU % : 0.00
Memory % : 0.01
------------------------------------------------------------
PID : 11472
Name : Widgets.exe
Username : RAVIRAJS\ravir
Status : running
Start Time : 2026-02-11 08-21-56
CPU % : 0.00
Memory % : 0.18
------------------------------------------------------------
PID : 11584
Name : svchost.exe
Username : None
Status : running
Start Time : 2026-02-11 08-23-54
CPU % : 0.00
Memory % : 0.02
------------------------------------------------------------
PID : 11592
Name : svchost.exe
Username : RAVIRAJS\ravir
Status : running
Start Time : 2026-02-11 08-21-56
CPU % : 0.00
Memory % : 0.06
------------------------------------------------------------
PID : 11616
Name : brave.exe
Username : RAVIRAJS\ravir
Status : running
Start Time : 2026-02-11 08-30-47
CPU % : 0.00
Memory % : 0.02
------------------------------------------------------------
PID : 11628
Name : svchost.exe
Username : RAVIRAJS\ravir
Status : running
Start Time : 2026-02-11 08-21-56
CPU % : 0.00
Memory % : 0.10
------------------------------------------------------------
PID : 11636
Name : brave.exe
Username : RAVIRAJS\ravir
Status : running
Start Time : 2026-02-11 08-30-47
CPU % : 0.20
Memory % : 0.37
------------------------------------------------------------
PID : 11664
Name : svchost.exe
Username : None
Status : running
Start Time : 2026-02-11 08-22-29
CPU % : 0.00
Memory % : 0.06
------------------------------------------------------------
PID : 11736
Name : svchost.exe
Username : None
Status : running
Start Time : 2026-02-11 11-05-46
CPU % : 0.00
Memory % : 0.08
------------------------------------------------------------
PID : 12076
Name : svchost.exe
Username : None
Status : running
Start Time : 2026-02-11 08-31-53
CPU % : 0.00
Memory % : 0.09
------------------------------------------------------------
PID : 12132
Name : SearchHost.exe
Username : RAVIRAJS\ravir
Status : running
Start Time : 2026-02-11 08-21-56
CPU % : 0.00
Memory % : 0.58
------------------------------------------------------------
PID : 12140
Name : StartMenuExperienceHost.exe
Username : RAVIRAJS\ravir
Status : running
Start Time : 2026-02-11 08-21-56
CPU % : 0.00
Memory % : 0.53
------------------------------------------------------------
PID : 12260
Name : msedge.exe
Username : RAVIRAJS\ravir
Status : running
Start Time : 2026-02-11 11-45-11
CPU % : 0.70
Memory % : 0.63
------------------------------------------------------------
PID : 12624
Name : powershell.exe
Username : RAVIRAJS\ravir
Status : running
Start Time : 2026-02-11 09-25-41
CPU % : 0.20
Memory % : 0.06
------------------------------------------------------------
PID : 12664
Name : Code.exe
Username : RAVIRAJS\ravir
Status : running
Start Time : 2026-02-11 09-25-39
CPU % : 0.20
Memory % : 1.48
------------------------------------------------------------
PID : 12732
Name : chrome.exe
Username : RAVIRAJS\ravir
Status : running
Start Time : 2026-02-11 08-27-56
CPU % : 4.60
Memory % : 1.30
------------------------------------------------------------
PID : 12744
Name : chrome.exe
Username : RAVIRAJS\ravir
Status : running
Start Time : 2026-02-11 15-16-13
CPU % : 0.00
Memory % : 0.52
------------------------------------------------------------
PID : 12816
Name : svchost.exe
Username : None
Status : running
Start Time : 2026-02-11 08-26-01
CPU % : 0.00
Memory % : 0.01
------------------------------------------------------------
PID : 12868
Name : svchost.exe
Username : None
Status : running
Start Time : 2026-02-11 12-03-52
CPU % : 0.00
Memory % : 0.03
------------------------------------------------------------
PID : 12916
Name : browserhost.exe
Username : RAVIRAJS\ravir
Status : running
Start Time : 2026-02-11 08-27-59
CPU % : 0.00
Memory % : 0.01
------------------------------------------------------------
PID : 13032
Name : msedgewebview2.exe
Username : RAVIRAJS\ravir
Status : running
Start Time : 2026-02-11 08-21-57
CPU % : 0.00
Memory % : 0.08
------------------------------------------------------------
PID : 13044
Name : Code.exe
Username : RAVIRAJS\ravir
Status : running
Start Time : 2026-02-11 09-23-44
CPU % : 0.00
Memory % : 0.02
------------------------------------------------------------
PID : 13112
Name : msedgewebview2.exe
Username : RAVIRAJS\ravir
Status : running
Start Time : 2026-02-11 08-21-57
CPU % : 0.00
Memory % : 0.01
------------------------------------------------------------
PID : 13148
Name : cmd.exe
Username : RAVIRAJS\ravir
Status : running
Start Time : 2026-02-11 08-30-49
CPU % : 0.00
Memory % : 0.00
------------------------------------------------------------
PID : 13204
Name : chrome.exe
Username : RAVIRAJS\ravir
Status : running
Start Time : 2026-02-11 08-27-56
CPU % : 1.50
Memory % : 0.37
------------------------------------------------------------
PID : 13304
Name : conhost.exe
Username : RAVIRAJS\ravir
Status : running
Start Time : 2026-02-11 15-13-35
CPU % : 0.00
Memory % : 0.05
------------------------------------------------------------
PID : 13396
Name : msedgewebview2.exe
Username : RAVIRAJS\ravir
Status : running
Start Time : 2026-02-11 08-21-58
CPU % : 0.00
Memory % : 0.03
------------------------------------------------------------
PID : 13416
Name : msedgewebview2.exe
Username : RAVIRAJS\ravir
Status : running
Start Time : 2026-02-11 08-21-58
CPU % : 0.00
Memory % : 0.05
------------------------------------------------------------
PID : 13484
Name : msedgewebview2.exe
Username : RAVIRAJS\ravir
Status : running
Start Time : 2026-02-11 08-21-58
CPU % : 0.00
Memory % : 0.00
------------------------------------------------------------
PID : 13620
Name : chrome.exe
Username : RAVIRAJS\ravir
Status : running
Start Time : 2026-02-11 08-28-09
CPU % : 3.00
Memory % : 2.87
------------------------------------------------------------
PID : 13716
Name : svchost.exe
Username : RAVIRAJS\ravir
Status : running
Start Time : 2026-02-11 08-33-20
CPU % : 0.00
Memory % : 0.02
------------------------------------------------------------
PID : 13816
Name : brave.exe
Username : RAVIRAJS\ravir
Status : running
Start Time : 2026-02-11 08-30-48
CPU % : 0.00
Memory % : 0.19
------------------------------------------------------------
PID : 13832
Name : ApplicationFrameHost.exe
Username : RAVIRAJS\ravir
Status : running
Start Time : 2026-02-11 08-26-00
CPU % : 0.00
Memory % : 0.03
------------------------------------------------------------
PID : 13932
Name : msedgewebview2.exe
Username : RAVIRAJS\ravir
Status : running
Start Time : 2026-02-11 08-21-58
CPU % : 0.00
Memory % : 0.00
------------------------------------------------------------
PID : 13952
Name : brave.exe
Username : RAVIRAJS\ravir
Status : running
Start Time : 2026-02-11 08-30-47
CPU % : 0.00
Memory % : 0.17
------------------------------------------------------------
PID : 14268
Name : Code.exe
Username : RAVIRAJS\ravir
Status : running
Start Time : 2026-02-11 09-23-43
CPU % : 0.30
Memory % : 0.99
------------------------------------------------------------
PID : 14300
Name : ctfmon.exe
Username : RAVIRAJS\ravir
Status : running
Start Time : 2026-02-11 08-22-00
CPU % : 0.00
Memory % : 0.10
------------------------------------------------------------
PID : 14548
Name : OmenCommandCenterBackground.exe
Username : RAVIRAJS\ravir
Status : running
Start Time : 2026-02-11 08-21-58
CPU % : 38.20
Memory % : 1.27
------------------------------------------------------------
PID : 14616
Name : svchost.exe
Username : None
Status : running
Start Time : 2026-02-11 08-23-53
CPU % : 0.00
Memory % : 0.12
------------------------------------------------------------
PID : 15064
Name : NisSrv.exe
Username : None
Status : running
Start Time : 2026-02-11 08-21-58
CPU % : 0.00
Memory % : 0.03
------------------------------------------------------------
PID : 15148
Name : chrome.exe
Username : RAVIRAJS\ravir
Status : running
Start Time : 2026-02-11 08-32-35
CPU % : 0.50
Memory % : 1.99
------------------------------------------------------------
PID : 15176
Name : svchost.exe
Username : None
Status : running
Start Time : 2026-02-11 08-22-13
CPU % : 0.00
Memory % : 0.05
------------------------------------------------------------
PID : 15184
Name : chrome.exe
Username : RAVIRAJS\ravir
Status : running
Start Time : 2026-02-11 15-11-50
CPU % : 0.00
Memory % : 0.35
------------------------------------------------------------
PID : 15248
Name : SystemSettings.exe
Username : RAVIRAJS\ravir
Status : stopped
Start Time : 2026-02-11 08-26-00
CPU % : 0.00
Memory % : 0.00
------------------------------------------------------------
PID : 15308
Name : LightStudio-background.exe
Username : RAVIRAJS\ravir
Status : running
Start Time : 2026-02-11 08-21-58
CPU % : 14.20
Memory % : 0.17
------------------------------------------------------------
PID : 15464
Name : python.exe
Username : RAVIRAJS\ravir
Status : running
Start Time : 2026-02-11 09-25-46
CPU % : 0.00
Memory % : 0.03
------------------------------------------------------------
PID : 15480
Name : msedge.exe
Username : RAVIRAJS\ravir
Status : running
Start Time : 2026-02-11 12-10-22
CPU % : 0.00
Memory % : 0.16
------------------------------------------------------------
PID : 15576
Name : TextInputHost.exe
Username : RAVIRAJS\ravir
Status : running
Start Time : 2026-02-11 08-22-06
CPU % : 0.00
Memory % : 0.16
------------------------------------------------------------
PID : 15688
Name : Code.exe
Username : RAVIRAJS\ravir
Status : running
Start Time : 2026-02-11 09-23-44
CPU % : 0.00
Memory % : 0.68
------------------------------------------------------------
PID : 15844
Name : unsecapp.exe
Username : RAVIRAJS\ravir
Status : running
Start Time : 2026-02-11 08-22-07
CPU % : 0.00
Memory % : 0.03
------------------------------------------------------------
PID : 15964
Name : chrome.exe
Username : RAVIRAJS\ravir
Status : running
Start Time : 2026-02-11 08-27-56
CPU % : 0.00
Memory % : 0.05
------------------------------------------------------------
PID : 16072
Name : msedge.exe
Username : RAVIRAJS\ravir
Status : running
Start Time : 2026-02-11 11-45-12
CPU % : 0.00
Memory % : 0.08
------------------------------------------------------------
PID : 16124
Name : dasHost.exe
Username : None
Status : running
Start Time : 2026-02-11 08-22-11
CPU % : 0.00
Memory % : 0.03
------------------------------------------------------------
PID : 16164
Name : svchost.exe
Username : None
Status : running
Start Time : 2026-02-11 08-22-12
CPU % : 0.00
Memory % : 0.03
------------------------------------------------------------
PID : 16224
Name : svchost.exe
Username : None
Status : running
Start Time : 2026-02-11 15-15-16
CPU % : 0.00
Memory % : 0.06
------------------------------------------------------------
PID : 16264
Name : dasHost.exe
Username : None
Status : running
Start Time : 2026-02-11 08-22-12
CPU % : 0.00
Memory % : 0.00
------------------------------------------------------------
PID : 16340
Name : Code.exe
Username : RAVIRAJS\ravir
Status : running
Start Time : 2026-02-11 09-23-50
CPU % : 0.00
Memory % : 0.31
------------------------------------------------------------
PID : 16376
Name : svchost.exe
Username : RAVIRAJS\ravir
Status : running
Start Time : 2026-02-11 08-23-54
CPU % : 0.00
Memory % : 0.02
------------------------------------------------------------
PID : 16520
Name : chrome.exe
Username : RAVIRAJS\ravir
Status : running
Start Time : 2026-02-11 08-28-01
CPU % : 0.90
Memory % : 0.34
------------------------------------------------------------
PID : 16528
Name : sqlceip.exe
Username : None
Status : running
Start Time : 2026-02-11 08-23-58
CPU % : 0.00
Memory % : 0.10
------------------------------------------------------------
PID : 16536
Name : Code.exe
Username : RAVIRAJS\ravir
Status : running
Start Time : 2026-02-11 09-23-46
CPU % : 0.00
Memory % : 0.30
------------------------------------------------------------
PID : 16556
Name : conhost.exe
Username : RAVIRAJS\ravir
Status : running
Start Time : 2026-02-11 15-13-35
CPU % : 0.00
Memory % : 0.05
------------------------------------------------------------
PID : 16592
Name : SDXHelper.exe
Username : RAVIRAJS\ravir
Status : running
Start Time : 2026-02-11 09-36-01
CPU % : 0.00
Memory % : 0.17
------------------------------------------------------------
PID : 16644
Name : svchost.exe
Username : None
Status : running
Start Time : 2026-02-11 08-23-59
CPU % : 0.00
Memory % : 0.03
------------------------------------------------------------
PID : 16704
Name : svchost.exe
Username : None
Status : running
Start Time : 2026-02-11 08-23-59
CPU % : 0.00
Memory % : 0.05
------------------------------------------------------------
PID : 16800
Name : conhost.exe
Username : RAVIRAJS\ravir
Status : running
Start Time : 2026-02-11 15-14-01
CPU % : 0.00
Memory % : 0.06
------------------------------------------------------------
PID : 16824
Name : svchost.exe
Username : None
Status : running
Start Time : 2026-02-11 08-23-59
CPU % : 0.00
Memory % : 0.11
------------------------------------------------------------
PID : 16836
Name : browserhost.exe
Username : RAVIRAJS\ravir
Status : running
Start Time : 2026-02-11 08-30-49
CPU % : 0.00
Memory % : 0.01
------------------------------------------------------------
PID : 16848
Name : brave.exe
Username : RAVIRAJS\ravir
Status : running
Start Time : 2026-02-11 08-30-47
CPU % : 0.00
Memory % : 0.02
------------------------------------------------------------
PID : 16912
Name : DesktopExtension.exe
Username : RAVIRAJS\ravir
Status : running
Start Time : 2026-02-11 08-25-17
CPU % : 0.20
Memory % : 0.07
------------------------------------------------------------
PID : 16948
Name : HP.HPX.exe
Username : RAVIRAJS\ravir
Status : running
Start Time : 2026-02-11 08-25-17
CPU % : 0.00
Memory % : 0.06
------------------------------------------------------------
PID : 17020
Name : powershell.exe
Username : RAVIRAJS\ravir
Status : running
Start Time : 2026-02-11 09-25-44
CPU % : 0.00
Memory % : 0.06
------------------------------------------------------------
PID : 17096
Name : svchost.exe
Username : None
Status : running
Start Time : 2026-02-11 08-23-59
CPU % : 0.00
Memory % : 0.03
------------------------------------------------------------
PID : 17112
Name : chrome.exe
Username : RAVIRAJS\ravir
Status : running
Start Time : 2026-02-11 08-27-58
CPU % : 0.00
Memory % : 0.31
------------------------------------------------------------
PID : 17296
Name : dllhost.exe
Username : RAVIRAJS\ravir
Status : running
Start Time : 2026-02-11 09-25-27
CPU % : 0.00
Memory % : 0.01
------------------------------------------------------------
PID : 17488
Name : SearchProtocolHost.exe
Username : None
Status : running
Start Time : 2026-02-11 15-16-05
CPU % : 0.00
Memory % : 0.12
------------------------------------------------------------
PID : 17788
Name : msedge.exe
Username : RAVIRAJS\ravir
Status : running
Start Time : 2026-02-11 12-10-22
CPU % : 0.00
Memory % : 0.04
------------------------------------------------------------
PID : 17880
Name : Code.exe
Username : RAVIRAJS\ravir
Status : running
Start Time : 2026-02-11 15-13-35
CPU % : 0.00
Memory % : 2.40
------------------------------------------------------------
PID : 18180
Name : brave.exe
Username : RAVIRAJS\ravir
Status : running
Start Time : 2026-02-11 08-30-54
CPU % : 0.00
Memory % : 0.07
------------------------------------------------------------
PID : 18200
Name : Code.exe
Username : RAVIRAJS\ravir
Status : running
Start Time : 2026-02-11 15-13-02
CPU % : 0.00
Memory % : 0.65
------------------------------------------------------------
PID : 18376
Name : msedge.exe
Username : RAVIRAJS\ravir
Status : running
Start Time : 2026-02-11 11-45-11
CPU % : 0.00
Memory % : 0.06
------------------------------------------------------------
PID : 18816
Name : svchost.exe
Username : None
Status : running
Start Time : 2026-02-11 08-33-21
CPU % : 0.00
Memory % : 0.02
------------------------------------------------------------
PID : 18856
Name : svchost.exe
Username : RAVIRAJS\ravir
Status : running
Start Time : 2026-02-11 08-33-18
CPU % : 0.10
Memory % : 0.06
------------------------------------------------------------
PID : 19164
Name : WindowsTerminal.exe
Username : RAVIRAJS\ravir
Status : running
Start Time : 2026-02-11 10-12-49
CPU % : 52.70
Memory % : 0.66
------------------------------------------------------------
PID : 19168
Name : python.exe
Username : RAVIRAJS\ravir
Status : running
Start Time : 2026-02-11 15-13-35
CPU % : 0.00
Memory % : 0.37
------------------------------------------------------------
PID : 19248
Name : conhost.exe
Username : RAVIRAJS\ravir
Status : running
Start Time : 2026-02-11 09-25-44
CPU % : 0.00
Memory % : 0.01
------------------------------------------------------------
PID : 19384
Name : svchost.exe
Username : None
Status : running
Start Time : 2026-02-11 08-33-20
CPU % : 0.00
Memory % : 0.02
------------------------------------------------------------
PID : 19400
Name : chrome.exe
Username : RAVIRAJS\ravir
Status : running
Start Time : 2026-02-11 08-52-16
CPU % : 0.70
Memory % : 1.71
------------------------------------------------------------
PID : 19440
Name : conhost.exe
Username : RAVIRAJS\ravir
Status : running
Start Time : 2026-02-11 09-25-43
CPU % : 0.00
Memory % : 0.00
------------------------------------------------------------
PID : 19720
Name : CodeSetup-stable-591199df409fbf59b4b52d5ad4ee0470152a9b31.tmp
Username : RAVIRAJS\ravir
Status : running
Start Time : 2026-02-11 09-24-50
CPU % : 0.00
Memory % : 0.02
------------------------------------------------------------
PID : 19736
Name : WindowsPackageManagerServer.exe
Username : RAVIRAJS\ravir
Status : running
Start Time : 2026-02-11 12-14-17
CPU % : 0.00
Memory % : 0.06
------------------------------------------------------------
PID : 19816
Name : WidgetService.exe
Username : RAVIRAJS\ravir
Status : running
Start Time : 2026-02-11 08-42-06
CPU % : 0.00
Memory % : 0.02
------------------------------------------------------------
PID : 19912
Name : RuntimeBroker.exe
Username : RAVIRAJS\ravir
Status : running
Start Time : 2026-02-11 11-09-58
CPU % : 0.00
Memory % : 0.07
------------------------------------------------------------
PID : 20096
Name : Code.exe
Username : RAVIRAJS\ravir
Status : running
Start Time : 2026-02-11 09-25-45
CPU % : 4.90
Memory % : 0.67
------------------------------------------------------------
PID : 20160
Name : cmd.exe
Username : RAVIRAJS\ravir
Status : running
Start Time : 2026-02-11 15-14-01
CPU % : 0.00
Memory % : 0.04
------------------------------------------------------------
PID : 20196
Name : notepad++.exe
Username : RAVIRAJS\ravir
Status : running
Start Time : 2026-02-11 14-45-30
CPU % : 0.00
Memory % : 0.31
------------------------------------------------------------
PID : 20304
Name : Code.exe
Username : RAVIRAJS\ravir
Status : running
Start Time : 2026-02-11 15-13-00
CPU % : 0.30
Memory % : 2.53
------------------------------------------------------------
PID : 20408
Name : powershell.exe
Username : RAVIRAJS\ravir
Status : running
Start Time : 2026-02-11 15-13-35
CPU % : 0.00
Memory % : 0.53
------------------------------------------------------------
PID : 20460
Name : WmiApSrv.exe
Username : None
Status : running
Start Time : 2026-02-11 11-07-52
CPU % : 0.10
Memory % : 0.02
------------------------------------------------------------
PID : 20536
Name : conhost.exe
Username : RAVIRAJS\ravir
Status : running
Start Time : 2026-02-11 14-49-06
CPU % : 0.00
Memory % : 0.06
------------------------------------------------------------
PID : 20816
Name : chrome.exe
Username : RAVIRAJS\ravir
Status : running
Start Time : 2026-02-11 15-14-20
CPU % : 0.00
Memory % : 1.03
------------------------------------------------------------
PID : 20984
Name : MoNotificationUx.exe
Username : RAVIRAJS\ravir
Status : running
Start Time : 2026-02-11 11-06-02
CPU % : 0.00
Memory % : 0.01
------------------------------------------------------------
PID : 21064
Name : cmd.exe
Username : RAVIRAJS\ravir
Status : running
Start Time : 2026-02-11 14-49-06
CPU % : 0.00
Memory % : 0.04
------------------------------------------------------------
PID : 21080
Name : chrome.exe
Username : RAVIRAJS\ravir
Status : running
Start Time : 2026-02-11 11-35-58
CPU % : 0.00
Memory % : 0.09
------------------------------------------------------------
PID : 21124
Name : chrome.exe
Username : RAVIRAJS\ravir
Status : running
Start Time : 2026-02-11 15-16-22
CPU % : 8.10
Memory % : 1.50
------------------------------------------------------------
PID : 21164
Name : chrome.exe
Username : RAVIRAJS\ravir
Status : running
Start Time : 2026-02-11 15-16-17
CPU % : 0.00
Memory % : 0.68
------------------------------------------------------------
PID : 21220
Name : SearchFilterHost.exe
Username : None
Status : running
Start Time : 2026-02-11 15-16-05
CPU % : 0.00
Memory % : 0.07
------------------------------------------------------------
PID : 21404
Name : chrome.exe
Username : RAVIRAJS\ravir
Status : running
Start Time : 2026-02-11 12-22-29
CPU % : 0.30
Memory % : 1.22
------------------------------------------------------------
PID : 21532
Name : msedge.exe
Username : RAVIRAJS\ravir
Status : running
Start Time : 2026-02-11 11-45-11
CPU % : 0.00
Memory % : 0.15
------------------------------------------------------------
PID : 21540
Name : ShellExperienceHost.exe
Username : RAVIRAJS\ravir
Status : stopped
Start Time : 2026-02-11 13-20-10
CPU % : 0.00
Memory % : 0.35
------------------------------------------------------------
PID : 21692
Name : msedge.exe
Username : RAVIRAJS\ravir
Status : running
Start Time : 2026-02-11 11-45-11
CPU % : 0.00
Memory % : 0.01
------------------------------------------------------------
PID : 21736
Name : Code.exe
Username : RAVIRAJS\ravir
Status : running
Start Time : 2026-02-11 15-13-00
CPU % : 0.10
Memory % : 0.81
------------------------------------------------------------
PID : 21816
Name : chrome.exe
Username : RAVIRAJS\ravir
Status : running
Start Time : 2026-02-11 12-32-17
CPU % : 0.00
Memory % : 0.09
------------------------------------------------------------
PID : 22000
Name : fsnotifier.exe
Username : RAVIRAJS\ravir
Status : running
Start Time : 2026-02-11 11-10-18
CPU % : 0.00
Memory % : 0.00
------------------------------------------------------------
PID : 22080
Name : msedge.exe
Username : RAVIRAJS\ravir
Status : running
Start Time : 2026-02-11 11-45-15
CPU % : 0.00
Memory % : 0.04
------------------------------------------------------------
PID : 22100
Name : svchost.exe
Username : None
Status : running
Start Time : 2026-02-11 11-03-50
CPU % : 0.00
Memory % : 0.02
------------------------------------------------------------
PID : 22156
Name : msedge.exe
Username : RAVIRAJS\ravir
Status : running
Start Time : 2026-02-11 11-45-12
CPU % : 0.00
Memory % : 0.33
------------------------------------------------------------
PID : 22200
Name : msedge.exe
Username : RAVIRAJS\ravir
Status : running
Start Time : 2026-02-11 11-45-15
CPU % : 0.00
Memory % : 0.05
------------------------------------------------------------
PID : 22532
Name : Notepad.exe
Username : RAVIRAJS\ravir
Status : running
Start Time : 2026-02-11 14-49-36
CPU % : 0.00
Memory % : 0.97
------------------------------------------------------------
PID : 22872
Name : SearchFilterHost.exe
Username : None
Status : running
Start Time : 2026-02-11 15-16-06
CPU % : 0.00
Memory % : 0.08
------------------------------------------------------------
PID : 22920
Name : chrome.exe
Username : RAVIRAJS\ravir
Status : running
Start Time : 2026-02-11 14-12-23
CPU % : 0.00
Memory % : 2.54
------------------------------------------------------------
PID : 22984
Name : chrome.exe
Username : RAVIRAJS\ravir
Status : running
Start Time : 2026-02-11 12-00-08
CPU % : 0.10
Memory % : 0.54
------------------------------------------------------------
PID : 23240
Name : OpenConsole.exe
Username : RAVIRAJS\ravir
Status : running
Start Time : 2026-02-11 14-49-06
CPU % : 0.00
Memory % : 0.10
------------------------------------------------------------
PID : 23252
Name : svchost.exe
Username : None
Status : running
Start Time : 2026-02-11 11-46-06
CPU % : 0.00
Memory % : 0.01
------------------------------------------------------------
PID : 23272
Name : Code.exe
Username : RAVIRAJS\ravir
Status : running
Start Time : 2026-02-11 15-12-59
CPU % : 0.30
Memory % : 1.79
------------------------------------------------------------
PID : 23372
Name : chrome.exe
Username : RAVIRAJS\ravir
Status : running
Start Time : 2026-02-11 12-00-19
CPU % : 0.00
Memory % : 0.08
------------------------------------------------------------
PID : 23516
Name : smartscreen.exe
Username : RAVIRAJS\ravir
Status : running
Start Time : 2026-02-11 11-45-11
CPU % : 0.00
Memory % : 0.03
------------------------------------------------------------
PID : 23556
Name : backgroundTaskHost.exe
Username : RAVIRAJS\ravir
Status : running
Start Time : 2026-02-11 11-09-57
CPU % : 0.00
Memory % : 0.14
------------------------------------------------------------
PID : 24004
Name : svchost.exe
Username : None
Status : running
Start Time : 2026-02-11 15-15-57
CPU % : 0.00
Memory % : 0.07
------------------------------------------------------------
PID : 24396
Name : RuntimeBroker.exe
Username : RAVIRAJS\ravir
Status : running
Start Time : 2026-02-11 14-14-16
CPU % : 0.00
Memory % : 0.05
------------------------------------------------------------
PID : 24412
Name : chrome.exe
Username : RAVIRAJS\ravir
Status : running
Start Time : 2026-02-11 11-35-13
CPU % : 0.00
Memory % : 0.14
------------------------------------------------------------
PID : 24420
Name : chrome.exe
Username : RAVIRAJS\ravir
Status : running
Start Time : 2026-02-11 12-10-08
CPU % : 0.00
Memory % : 2.31
------------------------------------------------------------
PID : 24744
Name : backgroundTaskHost.exe
Username : RAVIRAJS\ravir
Status : stopped
Start Time : 2026-02-11 14-14-16
CPU % : 0.00
Memory % : 0.01
------------------------------------------------------------
PID : 24932
Name : chrome.exe
Username : RAVIRAJS\ravir
Status : running
Start Time : 2026-02-11 15-16-23
CPU % : 0.00
Memory % : 0.20
------------------------------------------------------------
PID : 25224
Name : msedge.exe
Username : RAVIRAJS\ravir
Status : running
Start Time : 2026-02-11 11-45-11
CPU % : 0.00
Memory % : 0.03
------------------------------------------------------------
PID : 25268
Name : cmd.exe
Username : RAVIRAJS\ravir
Status : running
Start Time : 2026-02-11 11-36-04
CPU % : 0.00
Memory % : 0.00
------------------------------------------------------------
PID : 25280
Name : conhost.exe
Username : RAVIRAJS\ravir
Status : running
Start Time : 2026-02-11 11-36-04
CPU % : 0.00
Memory % : 0.01
------------------------------------------------------------
PID : 25328
Name : browserhost.exe
Username : RAVIRAJS\ravir
Status : running
Start Time : 2026-02-11 11-36-04
CPU % : 0.00
Memory % : 0.02
------------------------------------------------------------
PID : 25340
Name : chrome.exe
Username : RAVIRAJS\ravir
Status : running
Start Time : 2026-02-11 12-00-15
CPU % : 0.10
Memory % : 1.25
------------------------------------------------------------
PID : 25560
Name : msedge.exe
Username : RAVIRAJS\ravir
Status : running
Start Time : 2026-02-11 11-45-11
CPU % : 0.00
Memory % : 0.04
------------------------------------------------------------
PID : 25668
Name : chrome.exe
Username : RAVIRAJS\ravir
Status : running
Start Time : 2026-02-11 13-52-53
CPU % : 2.80
Memory % : 0.68
------------------------------------------------------------
PID : 25688
Name : chrome.exe
Username : RAVIRAJS\ravir
Status : running
Start Time : 2026-02-11 12-20-15
CPU % : 0.30
Memory % : 0.89
------------------------------------------------------------
PID : 25780
Name : git.exe
Username : RAVIRAJS\ravir
Status : running
Start Time : 2026-02-11 14-15-15
CPU % : 0.00
Memory % : 0.04
------------------------------------------------------------
PID : 25816
Name : conhost.exe
Username : RAVIRAJS\ravir
Status : running
Start Time : 2026-02-11 15-13-34
CPU % : 0.00
Memory % : 0.05
------------------------------------------------------------
PID : 25848
Name : msedge.exe
Username : RAVIRAJS\ravir
Status : running
Start Time : 2026-02-11 11-45-11
CPU % : 0.00
Memory % : 0.04
------------------------------------------------------------
PID : 25928
Name : msedge.exe
Username : RAVIRAJS\ravir
Status : running
Start Time : 2026-02-11 11-45-12
CPU % : 0.00
Memory % : 0.18
------------------------------------------------------------
PID : 25968
Name : chrome.exe
Username : RAVIRAJS\ravir
Status : running
Start Time : 2026-02-11 11-36-05
CPU % : 0.00
Memory % : 0.18
------------------------------------------------------------
PID : 26228
Name : chrome.exe
Username : RAVIRAJS\ravir
Status : running
Start Time : 2026-02-11 11-36-06
CPU % : 0.10
Memory % : 0.95
------------------------------------------------------------
PID : 26296
Name : chrome.exe
Username : RAVIRAJS\ravir
Status : running
Start Time : 2026-02-11 11-36-07
CPU % : 0.00
Memory % : 0.51
------------------------------------------------------------
PID : 26408
Name : chrome.exe
Username : RAVIRAJS\ravir
Status : running
Start Time : 2026-02-11 12-00-17
CPU % : 0.40
Memory % : 3.03
------------------------------------------------------------
PID : 26724
Name : chrome.exe
Username : RAVIRAJS\ravir
Status : running
Start Time : 2026-02-11 15-14-31
CPU % : 0.70
Memory % : 0.49
------------------------------------------------------------
PID : 26776
Name : conhost.exe
Username : RAVIRAJS\ravir
Status : running
Start Time : 2026-02-11 15-13-34
CPU % : 0.00
Memory % : 0.04
------------------------------------------------------------
PID : 26816
Name : python.exe
Username : RAVIRAJS\ravir
Status : running
Start Time : 2026-02-11 15-15-29
CPU % : 91.80
Memory % : 0.15
------------------------------------------------------------
PID : 26936
Name : chrome.exe
Username : RAVIRAJS\ravir
Status : running
Start Time : 2026-02-11 12-00-27
CPU % : 0.00
Memory % : 0.08
------------------------------------------------------------
PID : 26976
Name : chrome.exe
Username : RAVIRAJS\ravir
Status : running
Start Time : 2026-02-11 15-16-23
CPU % : 0.00
Memory % : 0.11
------------------------------------------------------------
PID : 27000
Name : chrome.exe
Username : RAVIRAJS\ravir
Status : running
Start Time : 2026-02-11 14-36-39
CPU % : 0.00
Memory % : 0.68
------------------------------------------------------------
PID : 27164
Name : msedge.exe
Username : RAVIRAJS\ravir
Status : running
Start Time : 2026-02-11 11-46-11
CPU % : 0.00
Memory % : 0.03
------------------------------------------------------------
PID : 27212
Name : RuntimeBroker.exe
Username : RAVIRAJS\ravir
Status : running
Start Time : 2026-02-11 11-46-11
CPU % : 0.00
Memory % : 0.03
------------------------------------------------------------
PID : 27364
Name : python.exe
Username : RAVIRAJS\ravir
Status : running
Start Time : 2026-02-11 15-13-35
CPU % : 0.00
Memory % : 0.35
------------------------------------------------------------
PID : 27500
Name : chrome.exe
Username : RAVIRAJS\ravir
Status : running
Start Time : 2026-02-11 12-00-25
CPU % : 0.00
Memory % : 0.14
------------------------------------------------------------
PID : 27536
Name : taskhostw.exe
Username : RAVIRAJS\ravir
Status : running
Start Time : 2026-02-11 12-03-52
CPU % : 0.00
Memory % : 0.03
------------------------------------------------------------
PID : 27760
Name : WmiPrvSE.exe
Username : None
Status : running
Start Time : 2026-02-11 13-57-05
CPU % : 0.30
Memory % : 0.08
------------------------------------------------------------
PID : 28092
Name : ShellHost.exe
Username : RAVIRAJS\ravir
Status : running
Start Time : 2026-02-11 15-02-43
CPU % : 0.00
Memory % : 0.41
------------------------------------------------------------
PID : 28460
Name : pet.exe
Username : RAVIRAJS\ravir
Status : running
Start Time : 2026-02-11 15-13-33
CPU % : 0.00
Memory % : 0.05
------------------------------------------------------------
PID : 28692
Name : svchost.exe
Username : None
Status : running
Start Time : 2026-02-11 14-21-42
CPU % : 0.00
Memory % : 0.21
------------------------------------------------------------
PID : 29224
Name : RuntimeBroker.exe
Username : RAVIRAJS\ravir
Status : running
Start Time : 2026-02-11 13-20-11
CPU % : 0.00
Memory % : 0.11
------------------------------------------------------------
PID : 29484
Name : git.exe
Username : RAVIRAJS\ravir
Status : running
Start Time : 2026-02-11 15-10-53
CPU % : 0.00
Memory % : 0.09
------------------------------------------------------------
PID : 29568
Name : chrome.exe
Username : RAVIRAJS\ravir
Status : running
Start Time : 2026-02-11 14-36-40
CPU % : 0.00
Memory % : 0.27
------------------------------------------------------------
PID : 29576
Name : Code.exe
Username : RAVIRAJS\ravir
Status : running
Start Time : 2026-02-11 15-13-04
CPU % : 0.00
Memory % : 1.05
------------------------------------------------------------
------------------------------------------------------------
---------------------- End of log file ---------------------
------------------------------------------------------------
