------------------------------------------------------------
----------- Platform Surveillance System --------
Log created at : Sat Feb 14 11:21:01 2026
------------------------------------------------------------

---------------------- System Report ----------------------- 
CPU Usage : 35.1 %
------------------------------------------------------------
RAM Usage : 84.9 %
------------------------------------------------------------

Disk Usage Report
------------------------------------------------------------
C:\ -> 92.5 % used
D:\ -> 42.2 % used
E:\ -> 38.6 % used
------------------------------------------------------------
------------------------------------------------------------

Network Usage Report
Sent : 10.30 MB
Recv : 106.53 MB
------------------------------------------------------------
